{"name": "testcase_01[增高垫]", "status": "broken", "statusDetails": {"message": "selenium.common.exceptions.NoSuchElementException: Message: no such element: Unable to locate element: {\"method\":\"xpath\",\"selector\":\"//a[contains(@id,\"J_Itemlist_PLink\")]\"}\n  (Session info: chrome=99.0.4844.51)\nStacktrace:\nBacktrace:\n\tOrdinal0 [0x00FC9943+2595139]\n\tOrdinal0 [0x00F5C9F1+2148849]\n\tOrdinal0 [0x00E54528+1066280]\n\tOrdinal0 [0x00E80FD4+1249236]\n\tOrdinal0 [0x00E811CB+1249739]\n\tOrdinal0 [0x00EAD812+1431570]\n\tOrdinal0 [0x00E9BA34+1358388]\n\tOrdinal0 [0x00EABAF2+1424114]\n\tOrdinal0 [0x00E9B806+1357830]\n\tOrdinal0 [0x00E76086+1204358]\n\tOrdinal0 [0x00E76F96+1208214]\n\tGetHandleVerifier [0x0116B232+1658114]\n\tGetHandleVerifier [0x0122312C+2411516]\n\tGetHandleVerifier [0x0105F261+560433]\n\tGetHandleVerifier [0x0105E366+556598]\n\tOrdinal0 [0x00F6286B+2173035]\n\tOrdinal0 [0x00F675F8+2192888]\n\tOrdinal0 [0x00F676E5+2193125]\n\tOrdinal0 [0x00F711FC+2232828]\n\tBaseThreadInitThunk [0x75CDFA29+25]\n\tRtlGetAppContainerNamedObjectPath [0x775F7A7E+286]\n\tRtlGetAppContainerNamedObjectPath [0x775F7A4E+238]", "trace": "self = <test_case.test_shopping_pom.TestShop object at 0x05032160>\nbrowser = <selenium.webdriver.chrome.webdriver.WebDriver (session=\"ffebc4275f9887b409538ae45a6933cd\")>\ngood = '增高垫'\n\n    @allure.feature('购买商品')\n    @pytest.mark.parametrize('good', goods)\n    def testcase_01(self, browser, good):\n        \"\"\"\n        购物，购买随意商品\n        \"\"\"\n        action = GoodSale(browser)\n>       action.shopping(good)\n\ntest_case\\test_shopping_pom.py:28: \n_ _ _ _ _ _ _ _ _ _ _ _ _ _ _ _ _ _ _ _ _ _ _ _ _ _ _ _ _ _ _ _ _ _ _ _ _ _ _ _\nlogic\\shopping_tb.py:33: in shopping\n    self.click(*allPages.taobao_goods_choose_first)\nkey_word\\keyword_web.py:84: in click\n    self.locate(name, value).click()\nkey_word\\keyword_web.py:76: in locate\n    el = self.driver.find_element(name, value)\nF:\\Python\\lib\\site-packages\\selenium\\webdriver\\remote\\webdriver.py:1248: in find_element\n    return self.execute(Command.FIND_ELEMENT, {\nF:\\Python\\lib\\site-packages\\selenium\\webdriver\\remote\\webdriver.py:425: in execute\n    self.error_handler.check_response(response)\n_ _ _ _ _ _ _ _ _ _ _ _ _ _ _ _ _ _ _ _ _ _ _ _ _ _ _ _ _ _ _ _ _ _ _ _ _ _ _ _\n\nself = <selenium.webdriver.remote.errorhandler.ErrorHandler object at 0x05032CE8>\nresponse = {'status': 404, 'value': '{\"value\":{\"error\":\"no such element\",\"message\":\"no such element: Unable to locate element: {\\...\\n\\\\tRtlGetAppContainerNamedObjectPath [0x775F7A7E+286]\\\\n\\\\tRtlGetAppContainerNamedObjectPath [0x775F7A4E+238]\\\\n\"}}'}\n\n    def check_response(self, response: Dict[str, Any]) -> None:\n        \"\"\"\n        Checks that a JSON response from the WebDriver does not have an error.\n    \n        :Args:\n         - response - The JSON response from the WebDriver server as a dictionary\n           object.\n    \n        :Raises: If the response contains an error message.\n        \"\"\"\n        status = response.get('status', None)\n        if not status or status == ErrorCode.SUCCESS:\n            return\n        value = None\n        message = response.get(\"message\", \"\")\n        screen: str = response.get(\"screen\", \"\")\n        stacktrace = None\n        if isinstance(status, int):\n            value_json = response.get('value', None)\n            if value_json and isinstance(value_json, str):\n                import json\n                try:\n                    value = json.loads(value_json)\n                    if len(value.keys()) == 1:\n                        value = value['value']\n                    status = value.get('error', None)\n                    if not status:\n                        status = value.get(\"status\", ErrorCode.UNKNOWN_ERROR)\n                        message = value.get(\"value\") or value.get(\"message\")\n                        if not isinstance(message, str):\n                            value = message\n                            message = message.get('message')\n                    else:\n                        message = value.get('message', None)\n                except ValueError:\n                    pass\n    \n        exception_class: Type[WebDriverException]\n        if status in ErrorCode.NO_SUCH_ELEMENT:\n            exception_class = NoSuchElementException\n        elif status in ErrorCode.NO_SUCH_FRAME:\n            exception_class = NoSuchFrameException\n        elif status in ErrorCode.NO_SUCH_SHADOW_ROOT:\n            exception_class = NoSuchShadowRootException\n        elif status in ErrorCode.NO_SUCH_WINDOW:\n            exception_class = NoSuchWindowException\n        elif status in ErrorCode.STALE_ELEMENT_REFERENCE:\n            exception_class = StaleElementReferenceException\n        elif status in ErrorCode.ELEMENT_NOT_VISIBLE:\n            exception_class = ElementNotVisibleException\n        elif status in ErrorCode.INVALID_ELEMENT_STATE:\n            exception_class = InvalidElementStateException\n        elif status in ErrorCode.INVALID_SELECTOR \\\n                or status in ErrorCode.INVALID_XPATH_SELECTOR \\\n                or status in ErrorCode.INVALID_XPATH_SELECTOR_RETURN_TYPER:\n            exception_class = InvalidSelectorException\n        elif status in ErrorCode.ELEMENT_IS_NOT_SELECTABLE:\n            exception_class = ElementNotSelectableException\n        elif status in ErrorCode.ELEMENT_NOT_INTERACTABLE:\n            exception_class = ElementNotInteractableException\n        elif status in ErrorCode.INVALID_COOKIE_DOMAIN:\n            exception_class = InvalidCookieDomainException\n        elif status in ErrorCode.UNABLE_TO_SET_COOKIE:\n            exception_class = UnableToSetCookieException\n        elif status in ErrorCode.TIMEOUT:\n            exception_class = TimeoutException\n        elif status in ErrorCode.SCRIPT_TIMEOUT:\n            exception_class = TimeoutException\n        elif status in ErrorCode.UNKNOWN_ERROR:\n            exception_class = WebDriverException\n        elif status in ErrorCode.UNEXPECTED_ALERT_OPEN:\n            exception_class = UnexpectedAlertPresentException\n        elif status in ErrorCode.NO_ALERT_OPEN:\n            exception_class = NoAlertPresentException\n        elif status in ErrorCode.IME_NOT_AVAILABLE:\n            exception_class = ImeNotAvailableException\n        elif status in ErrorCode.IME_ENGINE_ACTIVATION_FAILED:\n            exception_class = ImeActivationFailedException\n        elif status in ErrorCode.MOVE_TARGET_OUT_OF_BOUNDS:\n            exception_class = MoveTargetOutOfBoundsException\n        elif status in ErrorCode.JAVASCRIPT_ERROR:\n            exception_class = JavascriptException\n        elif status in ErrorCode.SESSION_NOT_CREATED:\n            exception_class = SessionNotCreatedException\n        elif status in ErrorCode.INVALID_ARGUMENT:\n            exception_class = InvalidArgumentException\n        elif status in ErrorCode.NO_SUCH_COOKIE:\n            exception_class = NoSuchCookieException\n        elif status in ErrorCode.UNABLE_TO_CAPTURE_SCREEN:\n            exception_class = ScreenshotException\n        elif status in ErrorCode.ELEMENT_CLICK_INTERCEPTED:\n            exception_class = ElementClickInterceptedException\n        elif status in ErrorCode.INSECURE_CERTIFICATE:\n            exception_class = InsecureCertificateException\n        elif status in ErrorCode.INVALID_COORDINATES:\n            exception_class = InvalidCoordinatesException\n        elif status in ErrorCode.INVALID_SESSION_ID:\n            exception_class = InvalidSessionIdException\n        elif status in ErrorCode.UNKNOWN_METHOD:\n            exception_class = UnknownMethodException\n        else:\n            exception_class = WebDriverException\n        if not value:\n            value = response['value']\n        if isinstance(value, str):\n            raise exception_class(value)\n        if message == \"\" and 'message' in value:\n            message = value['message']\n    \n        screen = None  # type: ignore[assignment]\n        if 'screen' in value:\n            screen = value['screen']\n    \n        stacktrace = None\n        st_value = value.get('stackTrace') or value.get('stacktrace')\n        if st_value:\n            if isinstance(st_value, str):\n                stacktrace = st_value.split('\\n')\n            else:\n                stacktrace = []\n                try:\n                    for frame in st_value:\n                        line = self._value_or_default(frame, 'lineNumber', '')\n                        file = self._value_or_default(frame, 'fileName', '<anonymous>')\n                        if line:\n                            file = \"%s:%s\" % (file, line)\n                        meth = self._value_or_default(frame, 'methodName', '<anonymous>')\n                        if 'className' in frame:\n                            meth = \"%s.%s\" % (frame['className'], meth)\n                        msg = \"    at %s (%s)\"\n                        msg = msg % (meth, file)\n                        stacktrace.append(msg)\n                except TypeError:\n                    pass\n        if exception_class == UnexpectedAlertPresentException:\n            alert_text = None\n            if 'data' in value:\n                alert_text = value['data'].get('text')\n            elif 'alert' in value:\n                alert_text = value['alert'].get('text')\n            raise exception_class(message, screen, stacktrace, alert_text)  # type: ignore[call-arg]  # mypy is not smart enough here\n>       raise exception_class(message, screen, stacktrace)\nE       selenium.common.exceptions.NoSuchElementException: Message: no such element: Unable to locate element: {\"method\":\"xpath\",\"selector\":\"//a[contains(@id,\"J_Itemlist_PLink\")]\"}\nE         (Session info: chrome=99.0.4844.51)\nE       Stacktrace:\nE       Backtrace:\nE       \tOrdinal0 [0x00FC9943+2595139]\nE       \tOrdinal0 [0x00F5C9F1+2148849]\nE       \tOrdinal0 [0x00E54528+1066280]\nE       \tOrdinal0 [0x00E80FD4+1249236]\nE       \tOrdinal0 [0x00E811CB+1249739]\nE       \tOrdinal0 [0x00EAD812+1431570]\nE       \tOrdinal0 [0x00E9BA34+1358388]\nE       \tOrdinal0 [0x00EABAF2+1424114]\nE       \tOrdinal0 [0x00E9B806+1357830]\nE       \tOrdinal0 [0x00E76086+1204358]\nE       \tOrdinal0 [0x00E76F96+1208214]\nE       \tGetHandleVerifier [0x0116B232+1658114]\nE       \tGetHandleVerifier [0x0122312C+2411516]\nE       \tGetHandleVerifier [0x0105F261+560433]\nE       \tGetHandleVerifier [0x0105E366+556598]\nE       \tOrdinal0 [0x00F6286B+2173035]\nE       \tOrdinal0 [0x00F675F8+2192888]\nE       \tOrdinal0 [0x00F676E5+2193125]\nE       \tOrdinal0 [0x00F711FC+2232828]\nE       \tBaseThreadInitThunk [0x75CDFA29+25]\nE       \tRtlGetAppContainerNamedObjectPath [0x775F7A7E+286]\nE       \tRtlGetAppContainerNamedObjectPath [0x775F7A4E+238]\n\nF:\\Python\\lib\\site-packages\\selenium\\webdriver\\remote\\errorhandler.py:247: NoSuchElementException"}, "description": "\n        购物，购买随意商品\n        ", "steps": [{"name": "打开浏览器", "status": "passed", "start": 1651850399509, "stop": 1651850399513}, {"name": "开始购物", "status": "broken", "statusDetails": {"message": "selenium.common.exceptions.NoSuchElementException: Message: no such element: Unable to locate element: {\"method\":\"xpath\",\"selector\":\"//a[contains(@id,\"J_Itemlist_PLink\")]\"}\n  (Session info: chrome=99.0.4844.51)\nStacktrace:\nBacktrace:\n\tOrdinal0 [0x00FC9943+2595139]\n\tOrdinal0 [0x00F5C9F1+2148849]\n\tOrdinal0 [0x00E54528+1066280]\n\tOrdinal0 [0x00E80FD4+1249236]\n\tOrdinal0 [0x00E811CB+1249739]\n\tOrdinal0 [0x00EAD812+1431570]\n\tOrdinal0 [0x00E9BA34+1358388]\n\tOrdinal0 [0x00EABAF2+1424114]\n\tOrdinal0 [0x00E9B806+1357830]\n\tOrdinal0 [0x00E76086+1204358]\n\tOrdinal0 [0x00E76F96+1208214]\n\tGetHandleVerifier [0x0116B232+1658114]\n\tGetHandleVerifier [0x0122312C+2411516]\n\tGetHandleVerifier [0x0105F261+560433]\n\tGetHandleVerifier [0x0105E366+556598]\n\tOrdinal0 [0x00F6286B+2173035]\n\tOrdinal0 [0x00F675F8+2192888]\n\tOrdinal0 [0x00F676E5+2193125]\n\tOrdinal0 [0x00F711FC+2232828]\n\tBaseThreadInitThunk [0x75CDFA29+25]\n\tRtlGetAppContainerNamedObjectPath [0x775F7A7E+286]\n\tRtlGetAppContainerNamedObjectPath [0x775F7A4E+238]\n\n", "trace": "  File \"F:\\Python\\lib\\site-packages\\allure_commons\\_allure.py\", line 172, in impl\n    return func(*a, **kw)\n  File \"F:\\PyCharm\\project\\Pytest_Taobao_Project\\logic\\shopping_tb.py\", line 33, in shopping\n    self.click(*allPages.taobao_goods_choose_first)\n  File \"F:\\PyCharm\\project\\Pytest_Taobao_Project\\key_word\\keyword_web.py\", line 84, in click\n    self.locate(name, value).click()\n  File \"F:\\PyCharm\\project\\Pytest_Taobao_Project\\key_word\\keyword_web.py\", line 76, in locate\n    el = self.driver.find_element(name, value)\n  File \"F:\\Python\\lib\\site-packages\\selenium\\webdriver\\remote\\webdriver.py\", line 1248, in find_element\n    return self.execute(Command.FIND_ELEMENT, {\n  File \"F:\\Python\\lib\\site-packages\\selenium\\webdriver\\remote\\webdriver.py\", line 425, in execute\n    self.error_handler.check_response(response)\n  File \"F:\\Python\\lib\\site-packages\\selenium\\webdriver\\remote\\errorhandler.py\", line 247, in check_response\n    raise exception_class(message, screen, stacktrace)\n"}, "steps": [{"name": "登录", "status": "passed", "start": 1651850412479, "stop": 1651850413665}], "parameters": [{"name": "goods", "value": "'增高垫'"}], "start": 1651850399513, "stop": 1651850423688}], "parameters": [{"name": "good", "value": "'增高垫'"}], "start": 1651850399508, "stop": 1651850423690, "uuid": "1b9077d6-d6cc-4aa7-bd1e-c4464dfd3ca4", "historyId": "4b1fdd1c17a141f73c51db20f6fc87d7", "testCaseId": "44469feca98dc7468d0376c0b862bf74", "fullName": "test_case.test_shopping_pom.TestShop#testcase_01", "labels": [{"name": "feature", "value": "购买商品"}, {"name": "epic", "value": "淘宝用例"}, {"name": "parentSuite", "value": "test_case"}, {"name": "suite", "value": "test_shopping_pom"}, {"name": "subSuite", "value": "TestShop"}, {"name": "host", "value": "LAPTOP-6OGUCBOM"}, {"name": "thread", "value": "18640-MainThread"}, {"name": "framework", "value": "pytest"}, {"name": "language", "value": "cpython3"}, {"name": "package", "value": "test_case.test_shopping_pom"}]}